<?xml version="1.0" encoding="UTF-8"?>
<testng-results ignored="0" total="2" passed="2" failed="0" skipped="0">
  <reporter-output>
  </reporter-output>
  <suite started-at="2024-01-23T20:26:24 CST" name="Default suite" finished-at="2024-01-23T20:26:49 CST" duration-ms="25005">
    <groups>
    </groups>
    <test started-at="2024-01-23T20:26:24 CST" name="Default test" finished-at="2024-01-23T20:26:49 CST" duration-ms="25005">
      <class name="com.nn.qa.testcases.SigninTest">
        <test-method is-config="true" signature="setUp()[pri:0, instance:com.nn.qa.testcases.SigninTest@5aabbb29]" started-at="2024-01-23T20:26:24 CST" name="setUp" finished-at="2024-01-23T20:26:37 CST" duration-ms="12812" status="PASS">
          <reporter-output>
          </reporter-output>
        </test-method> <!-- setUp -->
        <test-method signature="VerifyRegisterTitleTest()[pri:0, instance:com.nn.qa.testcases.SigninTest@5aabbb29]" started-at="2024-01-23T20:26:37 CST" name="VerifyRegisterTitleTest" finished-at="2024-01-23T20:26:38 CST" duration-ms="118" status="PASS">
          <reporter-output>
          </reporter-output>
        </test-method> <!-- VerifyRegisterTitleTest -->
        <test-method is-config="true" signature="tearDown()[pri:0, instance:com.nn.qa.testcases.SigninTest@5aabbb29]" started-at="2024-01-23T20:26:38 CST" name="tearDown" finished-at="2024-01-23T20:26:38 CST" duration-ms="711" status="PASS">
          <reporter-output>
          </reporter-output>
        </test-method> <!-- tearDown -->
        <test-method is-config="true" signature="setUp()[pri:0, instance:com.nn.qa.testcases.SigninTest@5aabbb29]" started-at="2024-01-23T20:26:38 CST" name="setUp" finished-at="2024-01-23T20:26:47 CST" duration-ms="8799" status="PASS">
          <reporter-output>
          </reporter-output>
        </test-method> <!-- setUp -->
        <test-method signature="firsttry()[pri:0, instance:com.nn.qa.testcases.SigninTest@5aabbb29]" started-at="2024-01-23T20:26:47 CST" name="firsttry" finished-at="2024-01-23T20:26:49 CST" duration-ms="1704" status="PASS">
          <reporter-output>
          </reporter-output>
        </test-method> <!-- firsttry -->
        <test-method is-config="true" signature="tearDown()[pri:0, instance:com.nn.qa.testcases.SigninTest@5aabbb29]" started-at="2024-01-23T20:26:49 CST" name="tearDown" finished-at="2024-01-23T20:26:49 CST" duration-ms="529" status="PASS">
          <reporter-output>
          </reporter-output>
        </test-method> <!-- tearDown -->
      </class> <!-- com.nn.qa.testcases.SigninTest -->
    </test> <!-- Default test -->
  </suite> <!-- Default suite -->
</testng-results>
